This file contains any messages produced by compilers while
running configure, to aid debugging if configure makes a mistake.

It was created by ortp configure 0.22.0, which was
generated by GNU Autoconf 2.68.  Invocation command line was

  $ ./configure --disable-option-checking --prefix=/home/jimmy/novton/packages/PRJ/output/.install/VDS_V2 --host=arm-none-linux-gnueabi --build=i486-linux-gnu --disable-silent-rules --disable-dependency-tracking --disable-nls --enable-shared=yes --enable-static=no --enable-fast-install=yes --disable-libtool-lock --enable-rpath --enable-console_ui=yes --enable-notify=no --disable-relativeprefix --enable-date --disable-ipv6 --disable-truespeech --disable-nonstandard-gsm --disable-rsvp --disable-ssl --enable-video --enable-ffmpeg --enable-alsa --enable-debug=no --enable-msg-storage=no --disable-zrtp --disable-strict --enable-tunnel=no --disable-external-ortp --disable-tests --enable-fixed-point=yes --disable-oss --disable-artsc --disable-macsnd --disable-macaqsnd --disable-pulseaudio --disable-portaudio --disable-gsm --enable-filters --disable-ntp-timestamp --disable-theora --disable-vp8 --with-gnu-ld --with-readline=/home/jimmy/novton/packages/PRJ/output/.install/VDS_V2 --with-srtp=/home/jimmy/novton/packages/PRJ/output/.install/VDS_V2 OSIP_LIBS=-L/home/jimmy/novton/packages/PRJ/output/.install/VDS_V2/lib OSIP_CFLAGS=-I/home/jimmy/novton/packages/PRJ/output/.install/VDS_V2/include ORTP_LIBS=-L/home/jimmy/novton/packages/PRJ/output/.install/VDS_V2/lib ORTP_CFLAGS=-I/home/jimmy/novton/packages/PRJ/output/.install/VDS_V2/include FFMPEG_LIBS=-L/home/jimmy/novton/packages/PRJ/output/.install/VDS_V2/lib FFMPEG_CFLAGS=-I/home/jimmy/novton/packages/PRJ/output/.install/VDS_V2/include SWSCALE_LIBS=-L/home/jimmy/novton/packages/PRJ/output/.install/VDS_V2/lib SWSCALE_CFLAGS=-I/home/jimmy/novton/packages/PRJ/output/.install/VDS_V2/include build_alias=i486-linux-gnu host_alias=arm-none-linux-gnueabi CFLAGS=-muclibc -O2 -D__VIDEODOOR_DUALVIDEO__ -D__H264_HW_ENCODER__ -D__ENABLE_RATE_CONTROL__ LDFLAGS=-L/home/jimmy/novton/packages/PRJ/output/.install/VDS_V2/lib -L/usr/local/arm_linux_4.2/arm-none-linux-gnueabi/lib LIBS=-ldl -lpthread -leXosip2 -losipparser2 -losip2  -lavcodec -lavutil -lswscale -lasound CPPFLAGS=-I/home/jimmy/novton/packages/PRJ/output/.install/VDS_V2/include --cache-file=/dev/null --srcdir=.

## --------- ##
## Platform. ##
## --------- ##

hostname = ubuntu
uname -m = i686
uname -r = 3.2.0-23-generic-pae
uname -s = Linux
uname -v = #36-Ubuntu SMP Tue Apr 10 22:19:09 UTC 2012

/usr/bin/uname -p = unknown
/bin/uname -X     = unknown

/bin/arch              = unknown
/usr/bin/arch -k       = unknown
/usr/convex/getsysinfo = unknown
/usr/bin/hostinfo      = unknown
/bin/machine           = unknown
/usr/bin/oslevel       = unknown
/bin/universe          = unknown

PATH: /usr/local/sbin
PATH: /usr/local/bin
PATH: /usr/sbin
PATH: /usr/bin
PATH: /sbin
PATH: /bin
PATH: /usr/games
PATH: /usr/local/arm_linux_4.2/bin


## ----------- ##
## Core tests. ##
## ----------- ##

configure:2298: checking build system type
configure:2312: result: i486-pc-linux-gnu
configure:2332: checking host system type
configure:2345: result: arm-none-linux-gnueabi
configure:2365: checking target system type
configure:2378: result: arm-none-linux-gnueabi
configure:2444: checking for a BSD-compatible install
configure:2512: result: /usr/bin/install -c
configure:2523: checking whether build environment is sane
configure:2573: result: yes
configure:2622: checking for arm-none-linux-gnueabi-strip
configure:2638: found /usr/local/arm_linux_4.2/bin/arm-none-linux-gnueabi-strip
configure:2649: result: arm-none-linux-gnueabi-strip
configure:2714: checking for a thread-safe mkdir -p
configure:2753: result: /bin/mkdir -p
configure:2761: checking for gawk
configure:2791: result: no
configure:2761: checking for mawk
configure:2777: found /usr/bin/mawk
configure:2788: result: mawk
configure:2799: checking whether make sets $(MAKE)
configure:2821: result: yes
configure:2896: checking how to create a ustar tar archive
configure:2909: tar --version
tar (GNU tar) 1.26
Copyright (C) 2011 Free Software Foundation, Inc.
License GPLv3+: GNU GPL version 3 or later <http://gnu.org/licenses/gpl.html>.
This is free software: you are free to change and redistribute it.
There is NO WARRANTY, to the extent permitted by law.

Written by John Gilmore and Jay Fenlason.
configure:2912: $? = 0
configure:2952: tardir=conftest.dir && eval tar --format=ustar -chf - "$tardir" >conftest.tar
configure:2955: $? = 0
configure:2959: tar -xf - <conftest.tar
configure:2962: $? = 0
configure:2975: result: gnutar
configure:2993: checking whether make supports nested variables
configure:3010: result: yes
configure:3055: checking for arm-none-linux-gnueabi-gcc
configure:3071: found /usr/local/arm_linux_4.2/bin/arm-none-linux-gnueabi-gcc
configure:3082: result: arm-none-linux-gnueabi-gcc
configure:3351: checking for C compiler version
configure:3360: arm-none-linux-gnueabi-gcc --version >&5
arm-none-linux-gnueabi-gcc (GCC) 4.2.1
Copyright (C) 2007 Free Software Foundation, Inc.
This is free software; see the source for copying conditions.  There is NO
warranty; not even for MERCHANTABILITY or FITNESS FOR A PARTICULAR PURPOSE.

configure:3371: $? = 0
configure:3360: arm-none-linux-gnueabi-gcc -v >&5
Using built-in specs.
Target: arm-none-linux-gnueabi
Configured with: ../../gcc-4.2.1/configure --prefix=/usr/local/arm_linux_4.2 --target=arm-none-linux-gnueabi --enable-languages=c,c++ --with-gnu-ld --with-gnu-as --disable-nls --with-float=soft --without-newlib --disable-libmudflap --disable-libssp --disable-libgomp
Thread model: posix
gcc version 4.2.1
configure:3371: $? = 0
configure:3360: arm-none-linux-gnueabi-gcc -V >&5
arm-none-linux-gnueabi-gcc: '-V' option must have argument
configure:3371: $? = 1
configure:3360: arm-none-linux-gnueabi-gcc -qversion >&5
arm-none-linux-gnueabi-gcc: unrecognized option '-qversion'
arm-none-linux-gnueabi-gcc: no input files
configure:3371: $? = 1
configure:3391: checking whether the C compiler works
configure:3413: arm-none-linux-gnueabi-gcc -muclibc -O2 -D__VIDEODOOR_DUALVIDEO__ -D__H264_HW_ENCODER__ -D__ENABLE_RATE_CONTROL__ -I/home/jimmy/novton/packages/PRJ/output/.install/VDS_V2/include -L/home/jimmy/novton/packages/PRJ/output/.install/VDS_V2/lib -L/usr/local/arm_linux_4.2/arm-none-linux-gnueabi/lib conftest.c -ldl -lpthread -leXosip2 -losipparser2 -losip2  -lavcodec -lavutil -lswscale -lasound >&5
configure:3417: $? = 0
configure:3465: result: yes
configure:3468: checking for C compiler default output file name
configure:3470: result: a.out
configure:3476: checking for suffix of executables
configure:3483: arm-none-linux-gnueabi-gcc -o conftest -muclibc -O2 -D__VIDEODOOR_DUALVIDEO__ -D__H264_HW_ENCODER__ -D__ENABLE_RATE_CONTROL__ -I/home/jimmy/novton/packages/PRJ/output/.install/VDS_V2/include -L/home/jimmy/novton/packages/PRJ/output/.install/VDS_V2/lib -L/usr/local/arm_linux_4.2/arm-none-linux-gnueabi/lib conftest.c -ldl -lpthread -leXosip2 -losipparser2 -losip2  -lavcodec -lavutil -lswscale -lasound >&5
configure:3487: $? = 0
configure:3509: result: 
configure:3531: checking whether we are cross compiling
configure:3569: result: yes
configure:3574: checking for suffix of object files
configure:3596: arm-none-linux-gnueabi-gcc -c -muclibc -O2 -D__VIDEODOOR_DUALVIDEO__ -D__H264_HW_ENCODER__ -D__ENABLE_RATE_CONTROL__ -I/home/jimmy/novton/packages/PRJ/output/.install/VDS_V2/include conftest.c >&5
configure:3600: $? = 0
configure:3621: result: o
configure:3625: checking whether we are using the GNU C compiler
configure:3644: arm-none-linux-gnueabi-gcc -c -muclibc -O2 -D__VIDEODOOR_DUALVIDEO__ -D__H264_HW_ENCODER__ -D__ENABLE_RATE_CONTROL__ -I/home/jimmy/novton/packages/PRJ/output/.install/VDS_V2/include conftest.c >&5
configure:3644: $? = 0
configure:3653: result: yes
configure:3662: checking whether arm-none-linux-gnueabi-gcc accepts -g
configure:3682: arm-none-linux-gnueabi-gcc -c -g -I/home/jimmy/novton/packages/PRJ/output/.install/VDS_V2/include conftest.c >&5
configure:3682: $? = 0
configure:3723: result: yes
configure:3740: checking for arm-none-linux-gnueabi-gcc option to accept ISO C89
configure:3804: arm-none-linux-gnueabi-gcc  -c -muclibc -O2 -D__VIDEODOOR_DUALVIDEO__ -D__H264_HW_ENCODER__ -D__ENABLE_RATE_CONTROL__ -I/home/jimmy/novton/packages/PRJ/output/.install/VDS_V2/include conftest.c >&5
configure:3804: $? = 0
configure:3817: result: none needed
configure:3848: checking for style of include used by make
configure:3876: result: GNU
configure:3902: checking dependency style of arm-none-linux-gnueabi-gcc
configure:4013: result: none
configure:4074: checking how to print strings
configure:4101: result: printf
configure:4122: checking for a sed that does not truncate output
configure:4186: result: /bin/sed
configure:4204: checking for grep that handles long lines and -e
configure:4262: result: /bin/grep
configure:4267: checking for egrep
configure:4329: result: /bin/grep -E
configure:4334: checking for fgrep
configure:4396: result: /bin/grep -F
configure:4431: checking for ld used by arm-none-linux-gnueabi-gcc
configure:4498: result: /usr/local/arm_linux_4.2/arm-none-linux-gnueabi/bin/ld
configure:4505: checking if the linker (/usr/local/arm_linux_4.2/arm-none-linux-gnueabi/bin/ld) is GNU ld
configure:4520: result: yes
configure:4532: checking for BSD- or MS-compatible name lister (nm)
configure:4581: result: /usr/local/arm_linux_4.2/bin/arm-none-linux-gnueabi-nm -B
configure:4711: checking the name lister (/usr/local/arm_linux_4.2/bin/arm-none-linux-gnueabi-nm -B) interface
configure:4718: arm-none-linux-gnueabi-gcc -c -muclibc -O2 -D__VIDEODOOR_DUALVIDEO__ -D__H264_HW_ENCODER__ -D__ENABLE_RATE_CONTROL__ -I/home/jimmy/novton/packages/PRJ/output/.install/VDS_V2/include conftest.c >&5
configure:4721: /usr/local/arm_linux_4.2/bin/arm-none-linux-gnueabi-nm -B "conftest.o"
configure:4724: output
00000000 B some_variable
configure:4731: result: BSD nm
configure:4734: checking whether ln -s works
configure:4738: result: yes
configure:4746: checking the maximum length of command line arguments
configure:4876: result: 1572864
configure:4893: checking whether the shell understands some XSI constructs
configure:4903: result: yes
configure:4907: checking whether the shell understands "+="
configure:4913: result: yes
configure:4948: checking how to convert i486-pc-linux-gnu file names to arm-none-linux-gnueabi format
configure:4988: result: func_convert_file_noop
configure:4995: checking how to convert i486-pc-linux-gnu file names to toolchain format
configure:5015: result: func_convert_file_noop
configure:5022: checking for /usr/local/arm_linux_4.2/arm-none-linux-gnueabi/bin/ld option to reload object files
configure:5029: result: -r
configure:5063: checking for arm-none-linux-gnueabi-objdump
configure:5079: found /usr/local/arm_linux_4.2/bin/arm-none-linux-gnueabi-objdump
configure:5090: result: arm-none-linux-gnueabi-objdump
configure:5159: checking how to recognize dependent libraries
configure:5361: result: pass_all
configure:5406: checking for arm-none-linux-gnueabi-dlltool
configure:5436: result: no
configure:5446: checking for dlltool
configure:5476: result: no
configure:5503: checking how to associate runtime and link libraries
configure:5530: result: printf %s\n
configure:5547: checking for arm-none-linux-gnueabi-ar
configure:5563: found /usr/local/arm_linux_4.2/bin/arm-none-linux-gnueabi-ar
configure:5574: result: arm-none-linux-gnueabi-ar
configure:5655: checking for archiver @FILE support
configure:5672: arm-none-linux-gnueabi-gcc -c -muclibc -O2 -D__VIDEODOOR_DUALVIDEO__ -D__H264_HW_ENCODER__ -D__ENABLE_RATE_CONTROL__ -I/home/jimmy/novton/packages/PRJ/output/.install/VDS_V2/include conftest.c >&5
configure:5672: $? = 0
configure:5675: arm-none-linux-gnueabi-ar cru libconftest.a @conftest.lst >&5
configure:5678: $? = 0
configure:5683: arm-none-linux-gnueabi-ar cru libconftest.a @conftest.lst >&5
arm-none-linux-gnueabi-ar: conftest.o: No such file or directory
configure:5686: $? = 1
configure:5698: result: @
configure:5716: checking for arm-none-linux-gnueabi-strip
configure:5743: result: arm-none-linux-gnueabi-strip
configure:5815: checking for arm-none-linux-gnueabi-ranlib
configure:5831: found /usr/local/arm_linux_4.2/bin/arm-none-linux-gnueabi-ranlib
configure:5842: result: arm-none-linux-gnueabi-ranlib
configure:5984: checking command to parse /usr/local/arm_linux_4.2/bin/arm-none-linux-gnueabi-nm -B output from arm-none-linux-gnueabi-gcc object
configure:6104: arm-none-linux-gnueabi-gcc -c -muclibc -O2 -D__VIDEODOOR_DUALVIDEO__ -D__H264_HW_ENCODER__ -D__ENABLE_RATE_CONTROL__ -I/home/jimmy/novton/packages/PRJ/output/.install/VDS_V2/include conftest.c >&5
configure:6107: $? = 0
configure:6111: /usr/local/arm_linux_4.2/bin/arm-none-linux-gnueabi-nm -B conftest.o \| sed -n -e 's/^.*[ ]\([ABCDGIRSTW][ABCDGIRSTW]*\)[ ][ ]*\([_A-Za-z][_A-Za-z0-9]*\)$/\1 \2 \2/p' | sed '/ __gnu_lto/d' \> conftest.nm
configure:6114: $? = 0
configure:6180: arm-none-linux-gnueabi-gcc -o conftest -muclibc -O2 -D__VIDEODOOR_DUALVIDEO__ -D__H264_HW_ENCODER__ -D__ENABLE_RATE_CONTROL__ -I/home/jimmy/novton/packages/PRJ/output/.install/VDS_V2/include -L/home/jimmy/novton/packages/PRJ/output/.install/VDS_V2/lib -L/usr/local/arm_linux_4.2/arm-none-linux-gnueabi/lib conftest.c conftstm.o >&5
configure:6183: $? = 0
configure:6221: result: ok
configure:6258: checking for sysroot
configure:6288: result: no
configure:6504: checking for arm-none-linux-gnueabi-mt
configure:6534: result: no
configure:6544: checking for mt
configure:6560: found /bin/mt
configure:6571: result: mt
configure:6583: WARNING: using cross tools not prefixed with host triplet
configure:6594: checking if mt is a manifest tool
configure:6600: mt '-?'
configure:6608: result: no
configure:7250: checking how to run the C preprocessor
configure:7281: arm-none-linux-gnueabi-gcc -E -I/home/jimmy/novton/packages/PRJ/output/.install/VDS_V2/include conftest.c
configure:7281: $? = 0
configure:7295: arm-none-linux-gnueabi-gcc -E -I/home/jimmy/novton/packages/PRJ/output/.install/VDS_V2/include conftest.c
conftest.c:15:28: error: ac_nonexistent.h: No such file or directory
configure:7295: $? = 1
configure: failed program was:
| /* confdefs.h */
| #define PACKAGE_NAME "ortp"
| #define PACKAGE_TARNAME "ortp"
| #define PACKAGE_VERSION "0.22.0"
| #define PACKAGE_STRING "ortp 0.22.0"
| #define PACKAGE_BUGREPORT ""
| #define PACKAGE_URL ""
| #define PACKAGE "ortp"
| #define VERSION "0.22.0"
| #define ORTP_MAJOR_VERSION 0
| #define ORTP_MINOR_VERSION 22
| #define ORTP_MICRO_VERSION 0
| #define ORTP_VERSION "0.22.0"
| /* end confdefs.h.  */
| #include <ac_nonexistent.h>
configure:7320: result: arm-none-linux-gnueabi-gcc -E
configure:7340: arm-none-linux-gnueabi-gcc -E -I/home/jimmy/novton/packages/PRJ/output/.install/VDS_V2/include conftest.c
configure:7340: $? = 0
configure:7354: arm-none-linux-gnueabi-gcc -E -I/home/jimmy/novton/packages/PRJ/output/.install/VDS_V2/include conftest.c
conftest.c:15:28: error: ac_nonexistent.h: No such file or directory
configure:7354: $? = 1
configure: failed program was:
| /* confdefs.h */
| #define PACKAGE_NAME "ortp"
| #define PACKAGE_TARNAME "ortp"
| #define PACKAGE_VERSION "0.22.0"
| #define PACKAGE_STRING "ortp 0.22.0"
| #define PACKAGE_BUGREPORT ""
| #define PACKAGE_URL ""
| #define PACKAGE "ortp"
| #define VERSION "0.22.0"
| #define ORTP_MAJOR_VERSION 0
| #define ORTP_MINOR_VERSION 22
| #define ORTP_MICRO_VERSION 0
| #define ORTP_VERSION "0.22.0"
| /* end confdefs.h.  */
| #include <ac_nonexistent.h>
configure:7383: checking for ANSI C header files
configure:7403: arm-none-linux-gnueabi-gcc -c -muclibc -O2 -D__VIDEODOOR_DUALVIDEO__ -D__H264_HW_ENCODER__ -D__ENABLE_RATE_CONTROL__ -I/home/jimmy/novton/packages/PRJ/output/.install/VDS_V2/include conftest.c >&5
configure:7403: $? = 0
configure:7487: result: yes
configure:7500: checking for sys/types.h
configure:7500: arm-none-linux-gnueabi-gcc -c -muclibc -O2 -D__VIDEODOOR_DUALVIDEO__ -D__H264_HW_ENCODER__ -D__ENABLE_RATE_CONTROL__ -I/home/jimmy/novton/packages/PRJ/output/.install/VDS_V2/include conftest.c >&5
configure:7500: $? = 0
configure:7500: result: yes
configure:7500: checking for sys/stat.h
configure:7500: arm-none-linux-gnueabi-gcc -c -muclibc -O2 -D__VIDEODOOR_DUALVIDEO__ -D__H264_HW_ENCODER__ -D__ENABLE_RATE_CONTROL__ -I/home/jimmy/novton/packages/PRJ/output/.install/VDS_V2/include conftest.c >&5
configure:7500: $? = 0
configure:7500: result: yes
configure:7500: checking for stdlib.h
configure:7500: arm-none-linux-gnueabi-gcc -c -muclibc -O2 -D__VIDEODOOR_DUALVIDEO__ -D__H264_HW_ENCODER__ -D__ENABLE_RATE_CONTROL__ -I/home/jimmy/novton/packages/PRJ/output/.install/VDS_V2/include conftest.c >&5
configure:7500: $? = 0
configure:7500: result: yes
configure:7500: checking for string.h
configure:7500: arm-none-linux-gnueabi-gcc -c -muclibc -O2 -D__VIDEODOOR_DUALVIDEO__ -D__H264_HW_ENCODER__ -D__ENABLE_RATE_CONTROL__ -I/home/jimmy/novton/packages/PRJ/output/.install/VDS_V2/include conftest.c >&5
configure:7500: $? = 0
configure:7500: result: yes
configure:7500: checking for memory.h
configure:7500: arm-none-linux-gnueabi-gcc -c -muclibc -O2 -D__VIDEODOOR_DUALVIDEO__ -D__H264_HW_ENCODER__ -D__ENABLE_RATE_CONTROL__ -I/home/jimmy/novton/packages/PRJ/output/.install/VDS_V2/include conftest.c >&5
configure:7500: $? = 0
configure:7500: result: yes
configure:7500: checking for strings.h
configure:7500: arm-none-linux-gnueabi-gcc -c -muclibc -O2 -D__VIDEODOOR_DUALVIDEO__ -D__H264_HW_ENCODER__ -D__ENABLE_RATE_CONTROL__ -I/home/jimmy/novton/packages/PRJ/output/.install/VDS_V2/include conftest.c >&5
configure:7500: $? = 0
configure:7500: result: yes
configure:7500: checking for inttypes.h
configure:7500: arm-none-linux-gnueabi-gcc -c -muclibc -O2 -D__VIDEODOOR_DUALVIDEO__ -D__H264_HW_ENCODER__ -D__ENABLE_RATE_CONTROL__ -I/home/jimmy/novton/packages/PRJ/output/.install/VDS_V2/include conftest.c >&5
configure:7500: $? = 0
configure:7500: result: yes
configure:7500: checking for stdint.h
configure:7500: arm-none-linux-gnueabi-gcc -c -muclibc -O2 -D__VIDEODOOR_DUALVIDEO__ -D__H264_HW_ENCODER__ -D__ENABLE_RATE_CONTROL__ -I/home/jimmy/novton/packages/PRJ/output/.install/VDS_V2/include conftest.c >&5
configure:7500: $? = 0
configure:7500: result: yes
configure:7500: checking for unistd.h
configure:7500: arm-none-linux-gnueabi-gcc -c -muclibc -O2 -D__VIDEODOOR_DUALVIDEO__ -D__H264_HW_ENCODER__ -D__ENABLE_RATE_CONTROL__ -I/home/jimmy/novton/packages/PRJ/output/.install/VDS_V2/include conftest.c >&5
configure:7500: $? = 0
configure:7500: result: yes
configure:7514: checking for dlfcn.h
configure:7514: arm-none-linux-gnueabi-gcc -c -muclibc -O2 -D__VIDEODOOR_DUALVIDEO__ -D__H264_HW_ENCODER__ -D__ENABLE_RATE_CONTROL__ -I/home/jimmy/novton/packages/PRJ/output/.install/VDS_V2/include conftest.c >&5
configure:7514: $? = 0
configure:7514: result: yes
configure:8016: checking for objdir
configure:8031: result: .libs
configure:8302: checking if arm-none-linux-gnueabi-gcc supports -fno-rtti -fno-exceptions
configure:8320: arm-none-linux-gnueabi-gcc -c -muclibc -O2 -D__VIDEODOOR_DUALVIDEO__ -D__H264_HW_ENCODER__ -D__ENABLE_RATE_CONTROL__ -I/home/jimmy/novton/packages/PRJ/output/.install/VDS_V2/include -fno-rtti -fno-exceptions conftest.c >&5
cc1: warning: command line option "-fno-rtti" is valid for C++/ObjC++ but not for C
configure:8324: $? = 0
configure:8337: result: no
configure:8664: checking for arm-none-linux-gnueabi-gcc option to produce PIC
configure:8671: result: -fPIC -DPIC
configure:8679: checking if arm-none-linux-gnueabi-gcc PIC flag -fPIC -DPIC works
configure:8697: arm-none-linux-gnueabi-gcc -c -muclibc -O2 -D__VIDEODOOR_DUALVIDEO__ -D__H264_HW_ENCODER__ -D__ENABLE_RATE_CONTROL__ -I/home/jimmy/novton/packages/PRJ/output/.install/VDS_V2/include -fPIC -DPIC -DPIC conftest.c >&5
configure:8701: $? = 0
configure:8714: result: yes
configure:8743: checking if arm-none-linux-gnueabi-gcc static flag -static works
configure:8771: result: no
configure:8786: checking if arm-none-linux-gnueabi-gcc supports -c -o file.o
configure:8807: arm-none-linux-gnueabi-gcc -c -muclibc -O2 -D__VIDEODOOR_DUALVIDEO__ -D__H264_HW_ENCODER__ -D__ENABLE_RATE_CONTROL__ -I/home/jimmy/novton/packages/PRJ/output/.install/VDS_V2/include -o out/conftest2.o conftest.c >&5
configure:8811: $? = 0
configure:8833: result: yes
configure:8841: checking if arm-none-linux-gnueabi-gcc supports -c -o file.o
configure:8888: result: yes
configure:8921: checking whether the arm-none-linux-gnueabi-gcc linker (/usr/local/arm_linux_4.2/arm-none-linux-gnueabi/bin/ld) supports shared libraries
configure:10078: result: yes
configure:10115: checking whether -lc should be explicitly linked in
configure:10123: arm-none-linux-gnueabi-gcc -c -muclibc -O2 -D__VIDEODOOR_DUALVIDEO__ -D__H264_HW_ENCODER__ -D__ENABLE_RATE_CONTROL__ -I/home/jimmy/novton/packages/PRJ/output/.install/VDS_V2/include conftest.c >&5
configure:10126: $? = 0
configure:10141: arm-none-linux-gnueabi-gcc -shared  -fPIC -DPIC conftest.o  -v -Wl,-soname -Wl,conftest -o conftest 2\>\&1 \| /bin/grep  -lc  \>/dev/null 2\>\&1
configure:10144: $? = 0
configure:10158: result: no
configure:10318: checking dynamic linker characteristics
configure:10829: arm-none-linux-gnueabi-gcc -o conftest -muclibc -O2 -D__VIDEODOOR_DUALVIDEO__ -D__H264_HW_ENCODER__ -D__ENABLE_RATE_CONTROL__ -I/home/jimmy/novton/packages/PRJ/output/.install/VDS_V2/include -L/home/jimmy/novton/packages/PRJ/output/.install/VDS_V2/lib -L/usr/local/arm_linux_4.2/arm-none-linux-gnueabi/lib -Wl,-rpath -Wl,/foo conftest.c -ldl -lpthread -leXosip2 -losipparser2 -losip2  -lavcodec -lavutil -lswscale -lasound >&5
configure:10829: $? = 0
configure:11063: result: GNU/Linux ld.so
configure:11170: checking how to hardcode library paths into programs
configure:11195: result: immediate
configure:11735: checking whether stripping libraries is possible
configure:11740: result: yes
configure:11775: checking if libtool supports shared libraries
configure:11777: result: yes
configure:11780: checking whether to build shared libraries
configure:11801: result: yes
configure:11804: checking whether to build static libraries
configure:11808: result: no
configure:11846: checking warning make an error on compilation
configure:11978: checking for seteuid
configure:11978: arm-none-linux-gnueabi-gcc -o conftest -muclibc -O2 -D__VIDEODOOR_DUALVIDEO__ -D__H264_HW_ENCODER__ -D__ENABLE_RATE_CONTROL__ -Wall -I/home/jimmy/novton/packages/PRJ/output/.install/VDS_V2/include -L/home/jimmy/novton/packages/PRJ/output/.install/VDS_V2/lib -L/usr/local/arm_linux_4.2/arm-none-linux-gnueabi/lib conftest.c -ldl -lpthread -leXosip2 -losipparser2 -losip2  -lavcodec -lavutil -lswscale -lasound >&5
configure:11978: $? = 0
configure:11978: result: yes
configure:11989: checking for pthread_mutex_init in -lpthread
configure:12014: arm-none-linux-gnueabi-gcc -o conftest -muclibc -O2 -D__VIDEODOOR_DUALVIDEO__ -D__H264_HW_ENCODER__ -D__ENABLE_RATE_CONTROL__ -Wall -I/home/jimmy/novton/packages/PRJ/output/.install/VDS_V2/include -L/home/jimmy/novton/packages/PRJ/output/.install/VDS_V2/lib -L/usr/local/arm_linux_4.2/arm-none-linux-gnueabi/lib conftest.c -lpthread  -ldl -lpthread -leXosip2 -losipparser2 -losip2  -lavcodec -lavutil -lswscale -lasound >&5
configure:12014: $? = 0
configure:12023: result: yes
configure:12056: checking for clock_gettime in -lrt
configure:12081: arm-none-linux-gnueabi-gcc -o conftest -muclibc -O2 -D__VIDEODOOR_DUALVIDEO__ -D__H264_HW_ENCODER__ -D__ENABLE_RATE_CONTROL__ -Wall -I/home/jimmy/novton/packages/PRJ/output/.install/VDS_V2/include -L/home/jimmy/novton/packages/PRJ/output/.install/VDS_V2/lib -L/usr/local/arm_linux_4.2/arm-none-linux-gnueabi/lib conftest.c -lrt  -ldl -lpthread -leXosip2 -losipparser2 -losip2  -lavcodec -lavutil -lswscale -lasound >&5
configure:12081: $? = 0
configure:12090: result: yes
configure:12121: checking srtp/srtp.h usability
configure:12121: arm-none-linux-gnueabi-gcc -c -muclibc -O2 -D__VIDEODOOR_DUALVIDEO__ -D__H264_HW_ENCODER__ -D__ENABLE_RATE_CONTROL__ -Wall -I/home/jimmy/novton/packages/PRJ/output/.install/VDS_V2/include -I/home/jimmy/novton/packages/PRJ/output/.install/VDS_V2/include -I/home/jimmy/novton/packages/PRJ/output/.install/VDS_V2/include/srtp conftest.c >&5
In file included from /home/jimmy/novton/packages/PRJ/output/.install/VDS_V2/include/srtp/integers.h:50,
                 from /home/jimmy/novton/packages/PRJ/output/.install/VDS_V2/include/srtp/datatypes.h:50,
                 from /home/jimmy/novton/packages/PRJ/output/.install/VDS_V2/include/srtp/err.h:49,
                 from /home/jimmy/novton/packages/PRJ/output/.install/VDS_V2/include/srtp/rand_source.h:49,
                 from /home/jimmy/novton/packages/PRJ/output/.install/VDS_V2/include/srtp/crypto_kernel.h:49,
                 from /home/jimmy/novton/packages/PRJ/output/.install/VDS_V2/include/srtp/srtp.h:53,
                 from conftest.c:62:
/home/jimmy/novton/packages/PRJ/output/.install/VDS_V2/include/srtp/config.h:125:1: warning: "PACKAGE_NAME" redefined
conftest.c:2:1: warning: this is the location of the previous definition
/home/jimmy/novton/packages/PRJ/output/.install/VDS_V2/include/srtp/config.h:128:1: warning: "PACKAGE_STRING" redefined
conftest.c:5:1: warning: this is the location of the previous definition
/home/jimmy/novton/packages/PRJ/output/.install/VDS_V2/include/srtp/config.h:131:1: warning: "PACKAGE_TARNAME" redefined
conftest.c:3:1: warning: this is the location of the previous definition
/home/jimmy/novton/packages/PRJ/output/.install/VDS_V2/include/srtp/config.h:134:1: warning: "PACKAGE_VERSION" redefined
conftest.c:4:1: warning: this is the location of the previous definition
configure:12121: $? = 0
configure:12121: result: yes
configure:12121: checking srtp/srtp.h presence
configure:12121: arm-none-linux-gnueabi-gcc -E -I/home/jimmy/novton/packages/PRJ/output/.install/VDS_V2/include -I/home/jimmy/novton/packages/PRJ/output/.install/VDS_V2/include -I/home/jimmy/novton/packages/PRJ/output/.install/VDS_V2/include/srtp conftest.c
In file included from /home/jimmy/novton/packages/PRJ/output/.install/VDS_V2/include/srtp/integers.h:50,
                 from /home/jimmy/novton/packages/PRJ/output/.install/VDS_V2/include/srtp/datatypes.h:50,
                 from /home/jimmy/novton/packages/PRJ/output/.install/VDS_V2/include/srtp/err.h:49,
                 from /home/jimmy/novton/packages/PRJ/output/.install/VDS_V2/include/srtp/rand_source.h:49,
                 from /home/jimmy/novton/packages/PRJ/output/.install/VDS_V2/include/srtp/crypto_kernel.h:49,
                 from /home/jimmy/novton/packages/PRJ/output/.install/VDS_V2/include/srtp/srtp.h:53,
                 from conftest.c:29:
/home/jimmy/novton/packages/PRJ/output/.install/VDS_V2/include/srtp/config.h:125:1: warning: "PACKAGE_NAME" redefined
conftest.c:2:1: warning: this is the location of the previous definition
/home/jimmy/novton/packages/PRJ/output/.install/VDS_V2/include/srtp/config.h:128:1: warning: "PACKAGE_STRING" redefined
conftest.c:5:1: warning: this is the location of the previous definition
/home/jimmy/novton/packages/PRJ/output/.install/VDS_V2/include/srtp/config.h:131:1: warning: "PACKAGE_TARNAME" redefined
conftest.c:3:1: warning: this is the location of the previous definition
/home/jimmy/novton/packages/PRJ/output/.install/VDS_V2/include/srtp/config.h:134:1: warning: "PACKAGE_VERSION" redefined
conftest.c:4:1: warning: this is the location of the previous definition
configure:12121: $? = 0
configure:12121: result: yes
configure:12121: checking for srtp/srtp.h
configure:12121: result: yes
configure:12132: checking for srtp_init in -lsrtp
configure:12157: arm-none-linux-gnueabi-gcc -o conftest -muclibc -O2 -D__VIDEODOOR_DUALVIDEO__ -D__H264_HW_ENCODER__ -D__ENABLE_RATE_CONTROL__ -Wall -I/home/jimmy/novton/packages/PRJ/output/.install/VDS_V2/include -L/home/jimmy/novton/packages/PRJ/output/.install/VDS_V2/lib -L/usr/local/arm_linux_4.2/arm-none-linux-gnueabi/lib -L/home/jimmy/novton/packages/PRJ/output/.install/VDS_V2/lib -lsrtp conftest.c -lsrtp  -ldl -lpthread -leXosip2 -losipparser2 -losip2  -lavcodec -lavutil -lswscale -lasound >&5
configure:12157: $? = 0
configure:12166: result: yes
configure:12172: checking for srtp_shutdown in -lsrtp
configure:12197: arm-none-linux-gnueabi-gcc -o conftest -muclibc -O2 -D__VIDEODOOR_DUALVIDEO__ -D__H264_HW_ENCODER__ -D__ENABLE_RATE_CONTROL__ -Wall -I/home/jimmy/novton/packages/PRJ/output/.install/VDS_V2/include -L/home/jimmy/novton/packages/PRJ/output/.install/VDS_V2/lib -L/usr/local/arm_linux_4.2/arm-none-linux-gnueabi/lib -L/home/jimmy/novton/packages/PRJ/output/.install/VDS_V2/lib -lsrtp conftest.c -lsrtp  -ldl -lpthread -leXosip2 -losipparser2 -losip2  -lavcodec -lavutil -lswscale -lasound >&5
configure:12197: $? = 0
configure:12206: result: yes
configure:12219: checking for sha1_update in -lsrtp
configure:12244: arm-none-linux-gnueabi-gcc -o conftest -muclibc -O2 -D__VIDEODOOR_DUALVIDEO__ -D__H264_HW_ENCODER__ -D__ENABLE_RATE_CONTROL__ -Wall -I/home/jimmy/novton/packages/PRJ/output/.install/VDS_V2/include -L/home/jimmy/novton/packages/PRJ/output/.install/VDS_V2/lib -L/usr/local/arm_linux_4.2/arm-none-linux-gnueabi/lib conftest.c -lsrtp  -ldl -lpthread -leXosip2 -losipparser2 -losip2  -lavcodec -lavutil -lswscale -lasound >&5
/tmp/ccuaXnNf.o: In function `main':
conftest.c:(.text+0x8): undefined reference to `sha1_update'
collect2: ld returned 1 exit status
configure:12244: $? = 1
configure: failed program was:
| /* confdefs.h */
| #define PACKAGE_NAME "ortp"
| #define PACKAGE_TARNAME "ortp"
| #define PACKAGE_VERSION "0.22.0"
| #define PACKAGE_STRING "ortp 0.22.0"
| #define PACKAGE_BUGREPORT ""
| #define PACKAGE_URL ""
| #define PACKAGE "ortp"
| #define VERSION "0.22.0"
| #define ORTP_MAJOR_VERSION 0
| #define ORTP_MINOR_VERSION 22
| #define ORTP_MICRO_VERSION 0
| #define ORTP_VERSION "0.22.0"
| #define STDC_HEADERS 1
| #define HAVE_SYS_TYPES_H 1
| #define HAVE_SYS_STAT_H 1
| #define HAVE_STDLIB_H 1
| #define HAVE_STRING_H 1
| #define HAVE_MEMORY_H 1
| #define HAVE_STRINGS_H 1
| #define HAVE_INTTYPES_H 1
| #define HAVE_STDINT_H 1
| #define HAVE_UNISTD_H 1
| #define HAVE_DLFCN_H 1
| #define LT_OBJDIR ".libs/"
| #define HAVE_SETEUID 1
| #define ORTP_DEFAULT_THREAD_STACK_SIZE 0
| #define HAVE_SRTP_SHUTDOWN 1
| /* end confdefs.h.  */
| 
| /* Override any GCC internal prototype to avoid an error.
|    Use char because int might match the return type of a GCC
|    builtin and then its argument prototype would still apply.  */
| #ifdef __cplusplus
| extern "C"
| #endif
| char sha1_update ();
| int
| main ()
| {
| return sha1_update ();
|   ;
|   return 0;
| }
configure:12253: result: no
configure:12556: checking for ANSI C header files
configure:12660: result: yes
configure:12671: checking poll.h usability
configure:12671: arm-none-linux-gnueabi-gcc -c -muclibc -O2 -D__VIDEODOOR_DUALVIDEO__ -D__H264_HW_ENCODER__ -D__ENABLE_RATE_CONTROL__ -Wall -I/home/jimmy/novton/packages/PRJ/output/.install/VDS_V2/include conftest.c >&5
configure:12671: $? = 0
configure:12671: result: yes
configure:12671: checking poll.h presence
configure:12671: arm-none-linux-gnueabi-gcc -E -I/home/jimmy/novton/packages/PRJ/output/.install/VDS_V2/include conftest.c
configure:12671: $? = 0
configure:12671: result: yes
configure:12671: checking for poll.h
configure:12671: result: yes
configure:12671: checking sys/poll.h usability
configure:12671: arm-none-linux-gnueabi-gcc -c -muclibc -O2 -D__VIDEODOOR_DUALVIDEO__ -D__H264_HW_ENCODER__ -D__ENABLE_RATE_CONTROL__ -Wall -I/home/jimmy/novton/packages/PRJ/output/.install/VDS_V2/include conftest.c >&5
configure:12671: $? = 0
configure:12671: result: yes
configure:12671: checking sys/poll.h presence
configure:12671: arm-none-linux-gnueabi-gcc -E -I/home/jimmy/novton/packages/PRJ/output/.install/VDS_V2/include conftest.c
configure:12671: $? = 0
configure:12671: result: yes
configure:12671: checking for sys/poll.h
configure:12671: result: yes
configure:12671: checking sys/uio.h usability
configure:12671: arm-none-linux-gnueabi-gcc -c -muclibc -O2 -D__VIDEODOOR_DUALVIDEO__ -D__H264_HW_ENCODER__ -D__ENABLE_RATE_CONTROL__ -Wall -I/home/jimmy/novton/packages/PRJ/output/.install/VDS_V2/include conftest.c >&5
configure:12671: $? = 0
configure:12671: result: yes
configure:12671: checking sys/uio.h presence
configure:12671: arm-none-linux-gnueabi-gcc -E -I/home/jimmy/novton/packages/PRJ/output/.install/VDS_V2/include conftest.c
configure:12671: $? = 0
configure:12671: result: yes
configure:12671: checking for sys/uio.h
configure:12671: result: yes
configure:12671: checking fcntl.h usability
configure:12671: arm-none-linux-gnueabi-gcc -c -muclibc -O2 -D__VIDEODOOR_DUALVIDEO__ -D__H264_HW_ENCODER__ -D__ENABLE_RATE_CONTROL__ -Wall -I/home/jimmy/novton/packages/PRJ/output/.install/VDS_V2/include conftest.c >&5
configure:12671: $? = 0
configure:12671: result: yes
configure:12671: checking fcntl.h presence
configure:12671: arm-none-linux-gnueabi-gcc -E -I/home/jimmy/novton/packages/PRJ/output/.install/VDS_V2/include conftest.c
configure:12671: $? = 0
configure:12671: result: yes
configure:12671: checking for fcntl.h
configure:12671: result: yes
configure:12671: checking sys/time.h usability
configure:12671: arm-none-linux-gnueabi-gcc -c -muclibc -O2 -D__VIDEODOOR_DUALVIDEO__ -D__H264_HW_ENCODER__ -D__ENABLE_RATE_CONTROL__ -Wall -I/home/jimmy/novton/packages/PRJ/output/.install/VDS_V2/include conftest.c >&5
configure:12671: $? = 0
configure:12671: result: yes
configure:12671: checking sys/time.h presence
configure:12671: arm-none-linux-gnueabi-gcc -E -I/home/jimmy/novton/packages/PRJ/output/.install/VDS_V2/include conftest.c
configure:12671: $? = 0
configure:12671: result: yes
configure:12671: checking for sys/time.h
configure:12671: result: yes
configure:12671: checking for unistd.h
configure:12671: result: yes
configure:12671: checking sys/audio.h usability
configure:12671: arm-none-linux-gnueabi-gcc -c -muclibc -O2 -D__VIDEODOOR_DUALVIDEO__ -D__H264_HW_ENCODER__ -D__ENABLE_RATE_CONTROL__ -Wall -I/home/jimmy/novton/packages/PRJ/output/.install/VDS_V2/include conftest.c >&5
conftest.c:71:23: error: sys/audio.h: No such file or directory
configure:12671: $? = 1
configure: failed program was:
| /* confdefs.h */
| #define PACKAGE_NAME "ortp"
| #define PACKAGE_TARNAME "ortp"
| #define PACKAGE_VERSION "0.22.0"
| #define PACKAGE_STRING "ortp 0.22.0"
| #define PACKAGE_BUGREPORT ""
| #define PACKAGE_URL ""
| #define PACKAGE "ortp"
| #define VERSION "0.22.0"
| #define ORTP_MAJOR_VERSION 0
| #define ORTP_MINOR_VERSION 22
| #define ORTP_MICRO_VERSION 0
| #define ORTP_VERSION "0.22.0"
| #define STDC_HEADERS 1
| #define HAVE_SYS_TYPES_H 1
| #define HAVE_SYS_STAT_H 1
| #define HAVE_STDLIB_H 1
| #define HAVE_STRING_H 1
| #define HAVE_MEMORY_H 1
| #define HAVE_STRINGS_H 1
| #define HAVE_INTTYPES_H 1
| #define HAVE_STDINT_H 1
| #define HAVE_UNISTD_H 1
| #define HAVE_DLFCN_H 1
| #define LT_OBJDIR ".libs/"
| #define HAVE_SETEUID 1
| #define ORTP_DEFAULT_THREAD_STACK_SIZE 0
| #define HAVE_SRTP_SHUTDOWN 1
| #define HAVE_SRTP 1
| #define STDC_HEADERS 1
| #define HAVE_POLL_H 1
| #define HAVE_SYS_POLL_H 1
| #define HAVE_SYS_UIO_H 1
| #define HAVE_FCNTL_H 1
| #define HAVE_SYS_TIME_H 1
| #define HAVE_UNISTD_H 1
| /* end confdefs.h.  */
| #include <stdio.h>
| #ifdef HAVE_SYS_TYPES_H
| # include <sys/types.h>
| #endif
| #ifdef HAVE_SYS_STAT_H
| # include <sys/stat.h>
| #endif
| #ifdef STDC_HEADERS
| # include <stdlib.h>
| # include <stddef.h>
| #else
| # ifdef HAVE_STDLIB_H
| #  include <stdlib.h>
| # endif
| #endif
| #ifdef HAVE_STRING_H
| # if !defined STDC_HEADERS && defined HAVE_MEMORY_H
| #  include <memory.h>
| # endif
| # include <string.h>
| #endif
| #ifdef HAVE_STRINGS_H
| # include <strings.h>
| #endif
| #ifdef HAVE_INTTYPES_H
| # include <inttypes.h>
| #endif
| #ifdef HAVE_STDINT_H
| # include <stdint.h>
| #endif
| #ifdef HAVE_UNISTD_H
| # include <unistd.h>
| #endif
| #include <sys/audio.h>
configure:12671: result: no
configure:12671: checking sys/audio.h presence
configure:12671: arm-none-linux-gnueabi-gcc -E -I/home/jimmy/novton/packages/PRJ/output/.install/VDS_V2/include conftest.c
conftest.c:38:23: error: sys/audio.h: No such file or directory
configure:12671: $? = 1
configure: failed program was:
| /* confdefs.h */
| #define PACKAGE_NAME "ortp"
| #define PACKAGE_TARNAME "ortp"
| #define PACKAGE_VERSION "0.22.0"
| #define PACKAGE_STRING "ortp 0.22.0"
| #define PACKAGE_BUGREPORT ""
| #define PACKAGE_URL ""
| #define PACKAGE "ortp"
| #define VERSION "0.22.0"
| #define ORTP_MAJOR_VERSION 0
| #define ORTP_MINOR_VERSION 22
| #define ORTP_MICRO_VERSION 0
| #define ORTP_VERSION "0.22.0"
| #define STDC_HEADERS 1
| #define HAVE_SYS_TYPES_H 1
| #define HAVE_SYS_STAT_H 1
| #define HAVE_STDLIB_H 1
| #define HAVE_STRING_H 1
| #define HAVE_MEMORY_H 1
| #define HAVE_STRINGS_H 1
| #define HAVE_INTTYPES_H 1
| #define HAVE_STDINT_H 1
| #define HAVE_UNISTD_H 1
| #define HAVE_DLFCN_H 1
| #define LT_OBJDIR ".libs/"
| #define HAVE_SETEUID 1
| #define ORTP_DEFAULT_THREAD_STACK_SIZE 0
| #define HAVE_SRTP_SHUTDOWN 1
| #define HAVE_SRTP 1
| #define STDC_HEADERS 1
| #define HAVE_POLL_H 1
| #define HAVE_SYS_POLL_H 1
| #define HAVE_SYS_UIO_H 1
| #define HAVE_FCNTL_H 1
| #define HAVE_SYS_TIME_H 1
| #define HAVE_UNISTD_H 1
| /* end confdefs.h.  */
| #include <sys/audio.h>
configure:12671: result: no
configure:12671: checking for sys/audio.h
configure:12671: result: no
configure:12671: checking linux/soundcard.h usability
configure:12671: arm-none-linux-gnueabi-gcc -c -muclibc -O2 -D__VIDEODOOR_DUALVIDEO__ -D__H264_HW_ENCODER__ -D__ENABLE_RATE_CONTROL__ -Wall -I/home/jimmy/novton/packages/PRJ/output/.install/VDS_V2/include conftest.c >&5
configure:12671: $? = 0
configure:12671: result: yes
configure:12671: checking linux/soundcard.h presence
configure:12671: arm-none-linux-gnueabi-gcc -E -I/home/jimmy/novton/packages/PRJ/output/.install/VDS_V2/include conftest.c
configure:12671: $? = 0
configure:12671: result: yes
configure:12671: checking for linux/soundcard.h
configure:12671: result: yes
configure:12671: checking sys/shm.h usability
configure:12671: arm-none-linux-gnueabi-gcc -c -muclibc -O2 -D__VIDEODOOR_DUALVIDEO__ -D__H264_HW_ENCODER__ -D__ENABLE_RATE_CONTROL__ -Wall -I/home/jimmy/novton/packages/PRJ/output/.install/VDS_V2/include conftest.c >&5
configure:12671: $? = 0
configure:12671: result: yes
configure:12671: checking sys/shm.h presence
configure:12671: arm-none-linux-gnueabi-gcc -E -I/home/jimmy/novton/packages/PRJ/output/.install/VDS_V2/include conftest.c
configure:12671: $? = 0
configure:12671: result: yes
configure:12671: checking for sys/shm.h
configure:12671: result: yes
configure:12682: checking for an ANSI C-conforming const
configure:12747: arm-none-linux-gnueabi-gcc -c -muclibc -O2 -D__VIDEODOOR_DUALVIDEO__ -D__H264_HW_ENCODER__ -D__ENABLE_RATE_CONTROL__ -Wall -I/home/jimmy/novton/packages/PRJ/output/.install/VDS_V2/include conftest.c >&5
conftest.c: In function 'main':
conftest.c:69: warning: 't' is used uninitialized in this function
conftest.c:85: warning: 'b' is used uninitialized in this function
conftest.c:91: warning: 'cs[0]' is used uninitialized in this function
configure:12747: $? = 0
configure:12754: result: yes
configure:12762: checking for inline
configure:12778: arm-none-linux-gnueabi-gcc -c -muclibc -O2 -D__VIDEODOOR_DUALVIDEO__ -D__H264_HW_ENCODER__ -D__ENABLE_RATE_CONTROL__ -Wall -I/home/jimmy/novton/packages/PRJ/output/.install/VDS_V2/include conftest.c >&5
configure:12778: $? = 0
configure:12786: result: inline
configure:12804: checking whether time.h and sys/time.h may both be included
configure:12824: arm-none-linux-gnueabi-gcc -c -muclibc -O2 -D__VIDEODOOR_DUALVIDEO__ -D__H264_HW_ENCODER__ -D__ENABLE_RATE_CONTROL__ -Wall -I/home/jimmy/novton/packages/PRJ/output/.install/VDS_V2/include conftest.c >&5
configure:12824: $? = 0
configure:12831: result: yes
configure:12839: checking whether byte ordering is bigendian
configure:12854: arm-none-linux-gnueabi-gcc -c -muclibc -O2 -D__VIDEODOOR_DUALVIDEO__ -D__H264_HW_ENCODER__ -D__ENABLE_RATE_CONTROL__ -Wall -I/home/jimmy/novton/packages/PRJ/output/.install/VDS_V2/include conftest.c >&5
conftest.c:42: error: expected '=', ',', ';', 'asm' or '__attribute__' before 'a'
configure:12854: $? = 1
configure: failed program was:
| /* confdefs.h */
| #define PACKAGE_NAME "ortp"
| #define PACKAGE_TARNAME "ortp"
| #define PACKAGE_VERSION "0.22.0"
| #define PACKAGE_STRING "ortp 0.22.0"
| #define PACKAGE_BUGREPORT ""
| #define PACKAGE_URL ""
| #define PACKAGE "ortp"
| #define VERSION "0.22.0"
| #define ORTP_MAJOR_VERSION 0
| #define ORTP_MINOR_VERSION 22
| #define ORTP_MICRO_VERSION 0
| #define ORTP_VERSION "0.22.0"
| #define STDC_HEADERS 1
| #define HAVE_SYS_TYPES_H 1
| #define HAVE_SYS_STAT_H 1
| #define HAVE_STDLIB_H 1
| #define HAVE_STRING_H 1
| #define HAVE_MEMORY_H 1
| #define HAVE_STRINGS_H 1
| #define HAVE_INTTYPES_H 1
| #define HAVE_STDINT_H 1
| #define HAVE_UNISTD_H 1
| #define HAVE_DLFCN_H 1
| #define LT_OBJDIR ".libs/"
| #define HAVE_SETEUID 1
| #define ORTP_DEFAULT_THREAD_STACK_SIZE 0
| #define HAVE_SRTP_SHUTDOWN 1
| #define HAVE_SRTP 1
| #define STDC_HEADERS 1
| #define HAVE_POLL_H 1
| #define HAVE_SYS_POLL_H 1
| #define HAVE_SYS_UIO_H 1
| #define HAVE_FCNTL_H 1
| #define HAVE_SYS_TIME_H 1
| #define HAVE_UNISTD_H 1
| #define HAVE_LINUX_SOUNDCARD_H 1
| #define HAVE_SYS_SHM_H 1
| #define TIME_WITH_SYS_TIME 1
| /* end confdefs.h.  */
| #ifndef __APPLE_CC__
| 	       not a universal capable compiler
| 	     #endif
| 	     typedef int dummy;
| 
configure:12899: arm-none-linux-gnueabi-gcc -c -muclibc -O2 -D__VIDEODOOR_DUALVIDEO__ -D__H264_HW_ENCODER__ -D__ENABLE_RATE_CONTROL__ -Wall -I/home/jimmy/novton/packages/PRJ/output/.install/VDS_V2/include conftest.c >&5
configure:12899: $? = 0
configure:12917: arm-none-linux-gnueabi-gcc -c -muclibc -O2 -D__VIDEODOOR_DUALVIDEO__ -D__H264_HW_ENCODER__ -D__ENABLE_RATE_CONTROL__ -Wall -I/home/jimmy/novton/packages/PRJ/output/.install/VDS_V2/include conftest.c >&5
conftest.c: In function 'main':
conftest.c:48: error: 'not' undeclared (first use in this function)
conftest.c:48: error: (Each undeclared identifier is reported only once
conftest.c:48: error: for each function it appears in.)
conftest.c:48: error: expected ';' before 'big'
configure:12917: $? = 1
configure: failed program was:
| /* confdefs.h */
| #define PACKAGE_NAME "ortp"
| #define PACKAGE_TARNAME "ortp"
| #define PACKAGE_VERSION "0.22.0"
| #define PACKAGE_STRING "ortp 0.22.0"
| #define PACKAGE_BUGREPORT ""
| #define PACKAGE_URL ""
| #define PACKAGE "ortp"
| #define VERSION "0.22.0"
| #define ORTP_MAJOR_VERSION 0
| #define ORTP_MINOR_VERSION 22
| #define ORTP_MICRO_VERSION 0
| #define ORTP_VERSION "0.22.0"
| #define STDC_HEADERS 1
| #define HAVE_SYS_TYPES_H 1
| #define HAVE_SYS_STAT_H 1
| #define HAVE_STDLIB_H 1
| #define HAVE_STRING_H 1
| #define HAVE_MEMORY_H 1
| #define HAVE_STRINGS_H 1
| #define HAVE_INTTYPES_H 1
| #define HAVE_STDINT_H 1
| #define HAVE_UNISTD_H 1
| #define HAVE_DLFCN_H 1
| #define LT_OBJDIR ".libs/"
| #define HAVE_SETEUID 1
| #define ORTP_DEFAULT_THREAD_STACK_SIZE 0
| #define HAVE_SRTP_SHUTDOWN 1
| #define HAVE_SRTP 1
| #define STDC_HEADERS 1
| #define HAVE_POLL_H 1
| #define HAVE_SYS_POLL_H 1
| #define HAVE_SYS_UIO_H 1
| #define HAVE_FCNTL_H 1
| #define HAVE_SYS_TIME_H 1
| #define HAVE_UNISTD_H 1
| #define HAVE_LINUX_SOUNDCARD_H 1
| #define HAVE_SYS_SHM_H 1
| #define TIME_WITH_SYS_TIME 1
| /* end confdefs.h.  */
| #include <sys/types.h>
| 		#include <sys/param.h>
| 
| int
| main ()
| {
| #if BYTE_ORDER != BIG_ENDIAN
| 		 not big endian
| 		#endif
| 
|   ;
|   return 0;
| }
configure:13045: result: no
configure:13070: checking for select
configure:13070: arm-none-linux-gnueabi-gcc -o conftest -muclibc -O2 -D__VIDEODOOR_DUALVIDEO__ -D__H264_HW_ENCODER__ -D__ENABLE_RATE_CONTROL__ -Wall -I/home/jimmy/novton/packages/PRJ/output/.install/VDS_V2/include -L/home/jimmy/novton/packages/PRJ/output/.install/VDS_V2/lib -L/usr/local/arm_linux_4.2/arm-none-linux-gnueabi/lib conftest.c -ldl -lpthread -leXosip2 -losipparser2 -losip2  -lavcodec -lavutil -lswscale -lasound >&5
configure:13070: $? = 0
configure:13070: result: yes
configure:13070: checking for socket
configure:13070: arm-none-linux-gnueabi-gcc -o conftest -muclibc -O2 -D__VIDEODOOR_DUALVIDEO__ -D__H264_HW_ENCODER__ -D__ENABLE_RATE_CONTROL__ -Wall -I/home/jimmy/novton/packages/PRJ/output/.install/VDS_V2/include -L/home/jimmy/novton/packages/PRJ/output/.install/VDS_V2/lib -L/usr/local/arm_linux_4.2/arm-none-linux-gnueabi/lib conftest.c -ldl -lpthread -leXosip2 -losipparser2 -losip2  -lavcodec -lavutil -lswscale -lasound >&5
configure:13070: $? = 0
configure:13070: result: yes
configure:13070: checking for strerror
configure:13070: arm-none-linux-gnueabi-gcc -o conftest -muclibc -O2 -D__VIDEODOOR_DUALVIDEO__ -D__H264_HW_ENCODER__ -D__ENABLE_RATE_CONTROL__ -Wall -I/home/jimmy/novton/packages/PRJ/output/.install/VDS_V2/include -L/home/jimmy/novton/packages/PRJ/output/.install/VDS_V2/lib -L/usr/local/arm_linux_4.2/arm-none-linux-gnueabi/lib conftest.c -ldl -lpthread -leXosip2 -losipparser2 -losip2  -lavcodec -lavutil -lswscale -lasound >&5
configure:13070: $? = 0
configure:13070: result: yes
configure:13241: checking for doxygen
configure:13272: result: false
configure:13293: checking for epm
configure:13324: result: false
configure:13334: checking for mkepmlist
configure:13365: result: false
configure:13375: checking for epminstall
configure:13406: result: false
configure:13631: creating ./config.status

## ---------------------- ##
## Running config.status. ##
## ---------------------- ##

This file was extended by ortp config.status 0.22.0, which was
generated by GNU Autoconf 2.68.  Invocation command line was

  CONFIG_FILES    = 
  CONFIG_HEADERS  = 
  CONFIG_LINKS    = 
  CONFIG_COMMANDS = 
  $ ./config.status 

on ubuntu

config.status:1176: creating Makefile
config.status:1176: creating include/Makefile
config.status:1176: creating include/ortp/Makefile
config.status:1176: creating m4/Makefile
config.status:1176: creating src/Makefile
config.status:1176: creating src/tests/Makefile
config.status:1176: creating src/tests/win_receiver/Makefile
config.status:1176: creating src/tests/win_sender/Makefile
config.status:1176: creating build/Makefile
config.status:1176: creating build/win32native/Makefile
config.status:1176: creating build/wince/Makefile
config.status:1176: creating build/winmob/Makefile
config.status:1176: creating ortp.pc
config.status:1176: creating ortp.spec
config.status:1176: creating ortp.doxygen
config.status:1176: creating ortp-config.h
config.status:1405: executing depfiles commands
config.status:1405: executing libtool commands
config.status:1405: executing libtool-hacking commands

## ---------------- ##
## Cache variables. ##
## ---------------- ##

ac_cv_build=i486-pc-linux-gnu
ac_cv_c_bigendian=no
ac_cv_c_compiler_gnu=yes
ac_cv_c_const=yes
ac_cv_c_inline=inline
ac_cv_env_CC_set=
ac_cv_env_CC_value=
ac_cv_env_CFLAGS_set=set
ac_cv_env_CFLAGS_value='-muclibc -O2 -D__VIDEODOOR_DUALVIDEO__ -D__H264_HW_ENCODER__ -D__ENABLE_RATE_CONTROL__'
ac_cv_env_CPPFLAGS_set=set
ac_cv_env_CPPFLAGS_value=-I/home/jimmy/novton/packages/PRJ/output/.install/VDS_V2/include
ac_cv_env_CPP_set=
ac_cv_env_CPP_value=
ac_cv_env_LDFLAGS_set=set
ac_cv_env_LDFLAGS_value='-L/home/jimmy/novton/packages/PRJ/output/.install/VDS_V2/lib -L/usr/local/arm_linux_4.2/arm-none-linux-gnueabi/lib'
ac_cv_env_LIBS_set=set
ac_cv_env_LIBS_value='-ldl -lpthread -leXosip2 -losipparser2 -losip2  -lavcodec -lavutil -lswscale -lasound'
ac_cv_env_LIBZRTPCPP_CFLAGS_set=
ac_cv_env_LIBZRTPCPP_CFLAGS_value=
ac_cv_env_LIBZRTPCPP_LIBS_set=
ac_cv_env_LIBZRTPCPP_LIBS_value=
ac_cv_env_PKG_CONFIG_LIBDIR_set=
ac_cv_env_PKG_CONFIG_LIBDIR_value=
ac_cv_env_PKG_CONFIG_PATH_set=
ac_cv_env_PKG_CONFIG_PATH_value=
ac_cv_env_PKG_CONFIG_set=
ac_cv_env_PKG_CONFIG_value=
ac_cv_env_build_alias_set=set
ac_cv_env_build_alias_value=i486-linux-gnu
ac_cv_env_host_alias_set=set
ac_cv_env_host_alias_value=arm-none-linux-gnueabi
ac_cv_env_target_alias_set=
ac_cv_env_target_alias_value=
ac_cv_func_select=yes
ac_cv_func_seteuid=yes
ac_cv_func_socket=yes
ac_cv_func_strerror=yes
ac_cv_header_dlfcn_h=yes
ac_cv_header_fcntl_h=yes
ac_cv_header_inttypes_h=yes
ac_cv_header_linux_soundcard_h=yes
ac_cv_header_memory_h=yes
ac_cv_header_poll_h=yes
ac_cv_header_srtp_srtp_h=yes
ac_cv_header_stdc=yes
ac_cv_header_stdint_h=yes
ac_cv_header_stdlib_h=yes
ac_cv_header_string_h=yes
ac_cv_header_strings_h=yes
ac_cv_header_sys_audio_h=no
ac_cv_header_sys_poll_h=yes
ac_cv_header_sys_shm_h=yes
ac_cv_header_sys_stat_h=yes
ac_cv_header_sys_time_h=yes
ac_cv_header_sys_types_h=yes
ac_cv_header_sys_uio_h=yes
ac_cv_header_time=yes
ac_cv_header_unistd_h=yes
ac_cv_host=arm-none-linux-gnueabi
ac_cv_lib_pthread_pthread_mutex_init=yes
ac_cv_lib_rt_clock_gettime=yes
ac_cv_lib_srtp_sha1_update=no
ac_cv_lib_srtp_srtp_init=yes
ac_cv_lib_srtp_srtp_shutdown=yes
ac_cv_objext=o
ac_cv_path_DOXYGEN=false
ac_cv_path_EGREP='/bin/grep -E'
ac_cv_path_EPM=false
ac_cv_path_EPMINSTALL=false
ac_cv_path_FGREP='/bin/grep -F'
ac_cv_path_GREP=/bin/grep
ac_cv_path_MKEPMLIST=false
ac_cv_path_SED=/bin/sed
ac_cv_path_install='/usr/bin/install -c'
ac_cv_path_mkdir=/bin/mkdir
ac_cv_prog_AR=arm-none-linux-gnueabi-ar
ac_cv_prog_AWK=mawk
ac_cv_prog_CC=arm-none-linux-gnueabi-gcc
ac_cv_prog_CPP='arm-none-linux-gnueabi-gcc -E'
ac_cv_prog_OBJDUMP=arm-none-linux-gnueabi-objdump
ac_cv_prog_RANLIB=arm-none-linux-gnueabi-ranlib
ac_cv_prog_STRIP=arm-none-linux-gnueabi-strip
ac_cv_prog_ac_ct_MANIFEST_TOOL=mt
ac_cv_prog_cc_c89=
ac_cv_prog_cc_g=yes
ac_cv_prog_make_make_set=yes
ac_cv_target=arm-none-linux-gnueabi
am_cv_CC_dependencies_compiler_type=none
am_cv_make_support_nested_variables=yes
am_cv_prog_tar_ustar=gnutar
lt_cv_ar_at_file=@
lt_cv_archive_cmds_need_lc=no
lt_cv_deplibs_check_method=pass_all
lt_cv_file_magic_cmd='$MAGIC_CMD'
lt_cv_file_magic_test_file=
lt_cv_ld_reload_flag=-r
lt_cv_nm_interface='BSD nm'
lt_cv_objdir=.libs
lt_cv_path_LD=/usr/local/arm_linux_4.2/arm-none-linux-gnueabi/bin/ld
lt_cv_path_NM='/usr/local/arm_linux_4.2/bin/arm-none-linux-gnueabi-nm -B'
lt_cv_path_mainfest_tool=no
lt_cv_prog_compiler_c_o=yes
lt_cv_prog_compiler_pic='-fPIC -DPIC'
lt_cv_prog_compiler_pic_works=yes
lt_cv_prog_compiler_rtti_exceptions=no
lt_cv_prog_compiler_static_works=no
lt_cv_prog_gnu_ld=yes
lt_cv_sharedlib_from_linklib_cmd='printf %s\n'
lt_cv_shlibpath_overrides_runpath=no
lt_cv_sys_global_symbol_pipe='sed -n -e '\''s/^.*[	 ]\([ABCDGIRSTW][ABCDGIRSTW]*\)[	 ][	 ]*\([_A-Za-z][_A-Za-z0-9]*\)$/\1 \2 \2/p'\'' | sed '\''/ __gnu_lto/d'\'''
lt_cv_sys_global_symbol_to_c_name_address='sed -n -e '\''s/^: \([^ ]*\)[ ]*$/  {\"\1\", (void *) 0},/p'\'' -e '\''s/^[ABCDGIRSTW]* \([^ ]*\) \([^ ]*\)$/  {"\2", (void *) \&\2},/p'\'''
lt_cv_sys_global_symbol_to_c_name_address_lib_prefix='sed -n -e '\''s/^: \([^ ]*\)[ ]*$/  {\"\1\", (void *) 0},/p'\'' -e '\''s/^[ABCDGIRSTW]* \([^ ]*\) \(lib[^ ]*\)$/  {"\2", (void *) \&\2},/p'\'' -e '\''s/^[ABCDGIRSTW]* \([^ ]*\) \([^ ]*\)$/  {"lib\2", (void *) \&\2},/p'\'''
lt_cv_sys_global_symbol_to_cdecl='sed -n -e '\''s/^T .* \(.*\)$/extern int \1();/p'\'' -e '\''s/^[ABCDGIRSTW]* .* \(.*\)$/extern char \1;/p'\'''
lt_cv_sys_max_cmd_len=1572864
lt_cv_to_host_file_cmd=func_convert_file_noop
lt_cv_to_tool_file_cmd=func_convert_file_noop

## ----------------- ##
## Output variables. ##
## ----------------- ##

ACLOCAL='${SHELL} /home/jimmy/novton/packages/PRJ/trunk/oRTP/missing --run aclocal-1.11'
AMDEPBACKSLASH=''
AMDEP_FALSE=''
AMDEP_TRUE='#'
AMTAR='$${TAR-tar}'
AM_BACKSLASH='\'
AM_DEFAULT_V='$(AM_DEFAULT_VERBOSITY)'
AM_DEFAULT_VERBOSITY='1'
AM_V='$(V)'
AR='arm-none-linux-gnueabi-ar'
ARCH='arm'
AS='as'
AUTOCONF='${SHELL} /home/jimmy/novton/packages/PRJ/trunk/oRTP/missing --run autoconf'
AUTOHEADER='${SHELL} /home/jimmy/novton/packages/PRJ/trunk/oRTP/missing --run autoheader'
AUTOMAKE='${SHELL} /home/jimmy/novton/packages/PRJ/trunk/oRTP/missing --run automake-1.11'
AWK='mawk'
CC='arm-none-linux-gnueabi-gcc'
CCDEPMODE='depmode=none'
CFLAGS='-muclibc -O2 -D__VIDEODOOR_DUALVIDEO__ -D__H264_HW_ENCODER__ -D__ENABLE_RATE_CONTROL__ -Wall '
CPP='arm-none-linux-gnueabi-gcc -E'
CPPFLAGS='-I/home/jimmy/novton/packages/PRJ/output/.install/VDS_V2/include'
CYGPATH_W='echo'
DEFS='-DHAVE_CONFIG_H'
DEPDIR='.deps'
DLLTOOL='false'
DOXYGEN='false'
DSYMUTIL=''
DUMPBIN=''
ECHO_C=''
ECHO_N='-n'
ECHO_T=''
EGREP='/bin/grep -E'
ENABLE_TESTS_FALSE=''
ENABLE_TESTS_TRUE='#'
EPM='false'
EPMINSTALL='false'
EPM_PKG_EXT='deb'
EXEEXT=''
FGREP='/bin/grep -F'
GREP='/bin/grep'
HAVE_DOXYGEN_FALSE=''
HAVE_DOXYGEN_TRUE='#'
INSTALL_DATA='${INSTALL} -m 644'
INSTALL_PROGRAM='${INSTALL}'
INSTALL_SCRIPT='${INSTALL}'
INSTALL_STRIP_PROGRAM='$(install_sh) -c -s'
LD='/usr/local/arm_linux_4.2/arm-none-linux-gnueabi/bin/ld'
LDFLAGS='-L/home/jimmy/novton/packages/PRJ/output/.install/VDS_V2/lib -L/usr/local/arm_linux_4.2/arm-none-linux-gnueabi/lib'
LIBOBJS=''
LIBORTP_SO_VERSION='9:0:0'
LIBS='-ldl -lpthread -leXosip2 -losipparser2 -losip2  -lavcodec -lavutil -lswscale -lasound'
LIBTOOL='$(SHELL) $(top_builddir)/libtool'
LIBZRTPCPP_CFLAGS=''
LIBZRTPCPP_FALSE=''
LIBZRTPCPP_LIBS=''
LIBZRTPCPP_TRUE='#'
LICENSE='LGPL'
LIPO=''
LN_S='ln -s'
LTLIBOBJS=''
MAKEINFO='${SHELL} /home/jimmy/novton/packages/PRJ/trunk/oRTP/missing --run makeinfo'
MANIFEST_TOOL=':'
MKDIR_P='/bin/mkdir -p'
MKEPMLIST='false'
NM='/usr/local/arm_linux_4.2/bin/arm-none-linux-gnueabi-nm -B'
NMEDIT=''
OBJDUMP='arm-none-linux-gnueabi-objdump'
OBJEXT='o'
ORTPDEPS_CFLAGS=' -D_REENTRANT  -I/home/jimmy/novton/packages/PRJ/output/.install/VDS_V2/include -I/home/jimmy/novton/packages/PRJ/output/.install/VDS_V2/include/srtp '
ORTPDEPS_LDFLAGS=''
ORTPDEPS_LIBS=' -lpthread  -lrt -L/home/jimmy/novton/packages/PRJ/output/.install/VDS_V2/lib -lsrtp  '
ORTP_PKGCONFIG_VERSION='0.22.0'
ORTP_VERSION='0.22.0'
OTOOL64=''
OTOOL=''
PACKAGE='ortp'
PACKAGER='anonymous'
PACKAGE_BUGREPORT=''
PACKAGE_NAME='ortp'
PACKAGE_STRING='ortp 0.22.0'
PACKAGE_TARNAME='ortp'
PACKAGE_URL=''
PACKAGE_VERSION='0.22.0'
PATH_SEPARATOR=':'
PKG_CONFIG=''
PKG_CONFIG_LIBDIR=''
PKG_CONFIG_PATH=''
PTHREAD_CFLAGS='-D_REENTRANT'
PTHREAD_LDFLAGS=''
PTHREAD_LIBS='-lpthread'
RANLIB='arm-none-linux-gnueabi-ranlib'
RELEASE='1'
RT_LIBS='-lrt'
SED='/bin/sed'
SET_MAKE=''
SHELL='/bin/bash'
SRTP_CFLAGS='-I/home/jimmy/novton/packages/PRJ/output/.install/VDS_V2/include -I/home/jimmy/novton/packages/PRJ/output/.install/VDS_V2/include/srtp'
SRTP_LIBS='-L/home/jimmy/novton/packages/PRJ/output/.install/VDS_V2/lib -lsrtp'
SSL_LIBS=''
STRIP='arm-none-linux-gnueabi-strip'
SUMMARY='An LGPL implementation of RTP - RFC3550'
SYS_GROUP='root'
SYS_USER='root'
VENDOR='Linphone'
VERSION='0.22.0'
WITH_EPM_FALSE=''
WITH_EPM_TRUE='#'
ac_ct_AR=''
ac_ct_CC=''
ac_ct_DUMPBIN=''
am__EXEEXT_FALSE=''
am__EXEEXT_TRUE='#'
am__fastdepCC_FALSE=''
am__fastdepCC_TRUE='#'
am__include='include'
am__isrc=''
am__leading_dot='.'
am__nodep=''
am__quote=''
am__tar='tar --format=ustar -chf - "$$tardir"'
am__untar='tar -xf -'
bindir='${exec_prefix}/bin'
build='i486-pc-linux-gnu'
build_alias='i486-linux-gnu'
build_cpu='i486'
build_os='linux-gnu'
build_vendor='pc'
datadir='${datarootdir}'
datarootdir='${prefix}/share'
docdir='${datarootdir}/doc'
dvidir='${docdir}'
exec_prefix='${prefix}'
host='arm-none-linux-gnueabi'
host_alias='arm-none-linux-gnueabi'
host_cpu='arm'
host_os='linux-gnueabi'
host_vendor='none'
htmldir='${docdir}'
includedir='${prefix}/include'
infodir='${datarootdir}/info'
install_sh='${SHELL} /home/jimmy/novton/packages/PRJ/trunk/oRTP/install-sh'
libdir='${exec_prefix}/lib'
libexecdir='${exec_prefix}/libexec'
localedir='${datarootdir}/locale'
localstatedir='${prefix}/var'
mandir='${datarootdir}/man'
oldincludedir='/usr/include'
pdfdir='${docdir}'
prefix='/home/jimmy/novton/packages/PRJ/output/.install/VDS_V2'
program_transform_name='s,x,x,'
psdir='${docdir}'
sbindir='${exec_prefix}/sbin'
sharedstatedir='${prefix}/com'
sysconfdir='${prefix}/etc'
target='arm-none-linux-gnueabi'
target_alias=''
target_cpu='arm'
target_os='linux-gnueabi'
target_vendor='none'

## ----------- ##
## confdefs.h. ##
## ----------- ##

/* confdefs.h */
#define PACKAGE_NAME "ortp"
#define PACKAGE_TARNAME "ortp"
#define PACKAGE_VERSION "0.22.0"
#define PACKAGE_STRING "ortp 0.22.0"
#define PACKAGE_BUGREPORT ""
#define PACKAGE_URL ""
#define PACKAGE "ortp"
#define VERSION "0.22.0"
#define ORTP_MAJOR_VERSION 0
#define ORTP_MINOR_VERSION 22
#define ORTP_MICRO_VERSION 0
#define ORTP_VERSION "0.22.0"
#define STDC_HEADERS 1
#define HAVE_SYS_TYPES_H 1
#define HAVE_SYS_STAT_H 1
#define HAVE_STDLIB_H 1
#define HAVE_STRING_H 1
#define HAVE_MEMORY_H 1
#define HAVE_STRINGS_H 1
#define HAVE_INTTYPES_H 1
#define HAVE_STDINT_H 1
#define HAVE_UNISTD_H 1
#define HAVE_DLFCN_H 1
#define LT_OBJDIR ".libs/"
#define HAVE_SETEUID 1
#define ORTP_DEFAULT_THREAD_STACK_SIZE 0
#define HAVE_SRTP_SHUTDOWN 1
#define HAVE_SRTP 1
#define STDC_HEADERS 1
#define HAVE_POLL_H 1
#define HAVE_SYS_POLL_H 1
#define HAVE_SYS_UIO_H 1
#define HAVE_FCNTL_H 1
#define HAVE_SYS_TIME_H 1
#define HAVE_UNISTD_H 1
#define HAVE_LINUX_SOUNDCARD_H 1
#define HAVE_SYS_SHM_H 1
#define TIME_WITH_SYS_TIME 1
#define HAVE_SELECT 1
#define HAVE_SOCKET 1
#define HAVE_STRERROR 1
#define POSIXTIMER_INTERVAL 10000

configure: exit 0
